<?xml version="1.0" encoding="UTF-8"?>
<testsuite xmlns:xsi="http://www.w3.org/2001/XMLSchema-instance" xsi:noNamespaceSchemaLocation="https://maven.apache.org/surefire/maven-surefire-plugin/xsd/surefire-test-report.xsd" version="3.0.2" name="com.manit.erp.mcp.services.FeeServiceTest" time="0.021" tests="1" errors="0" skipped="0" failures="0">
  <properties>
[...]
</properties>
  <testcase name="testGetFeeInfo_Categorization" classname="com.manit.erp.mcp.services.FeeServiceTest" time="0.019">
    <system-out><![CDATA[09:43:43.085 [main] INFO com.manit.erp.mcp.services.impl.FeeServiceImpl -- Processing getFeeInfo service request for semester: 5, year: 2025
]]></system-out>
  </testcase>
</testsuite>